2026-01-18 17:07:57,765 - FastPFRec - INFO - ### model configuration ###
2026-01-18 17:07:57,765 - FastPFRec - INFO - training.set=./dataset/yelp_test/train.txt
2026-01-18 17:07:57,765 - FastPFRec - INFO - test.set=./dataset/yelp_test/test.txt
2026-01-18 17:07:57,765 - FastPFRec - INFO - valid.set=./dataset/yelp_test/valid.txt
2026-01-18 17:07:57,765 - FastPFRec - INFO - model.name=FastPFRec
2026-01-18 17:07:57,766 - FastPFRec - INFO - model.type=graph
2026-01-18 17:07:57,766 - FastPFRec - INFO - item.ranking=-topN 10,20
2026-01-18 17:07:57,766 - FastPFRec - INFO - embedding.size=64
2026-01-18 17:07:57,766 - FastPFRec - INFO - num.max.epoch=500
2026-01-18 17:07:57,766 - FastPFRec - INFO - batch_size=256
2026-01-18 17:07:57,766 - FastPFRec - INFO - learnRate=0.001
2026-01-18 17:07:57,766 - FastPFRec - INFO - reg.lambda=0.0001
2026-01-18 17:07:57,766 - FastPFRec - INFO - PerFedRec=-n_layer 2
2026-01-18 17:07:57,766 - FastPFRec - INFO - output.setup=-dir ./results8/
2026-01-18 17:07:57,766 - FastPFRec - INFO - trusted_nodes_num=10
2026-01-18 17:07:57,766 - FastPFRec - INFO - anomaly_detection_enabled=True
2026-01-18 17:07:57,766 - FastPFRec - INFO - anomaly_ratio_threshold=0.2
2026-01-18 17:07:57,766 - FastPFRec - INFO - anomaly_dist_threshold=3.5
2026-01-18 17:07:57,766 - FastPFRec - INFO - noise_scale=0.1
2026-01-18 17:07:57,766 - FastPFRec - INFO - clip_value=0.5
2026-01-18 17:07:57,766 - FastPFRec - INFO - pretrain_noise=0.1
2026-01-18 17:07:57,766 - FastPFRec - INFO - pretrain_nclient=256
2026-01-18 17:07:57,766 - FastPFRec - INFO - pretrain_epoch=5
